# JRE version: OpenJDK Runtime Environment (21.0.10) (build 21.0.10+-14961533-b1163.108)
# Java VM: OpenJDK 64-Bit Server VM (21.0.10+-14961533-b1163.108, mixed mode, tiered, compressed oops, compressed class ptrs, g1 gc, windows-amd64)
GC Precious Log:
 CardTable entry size: 512
 Card Set container configuration: InlinePtr #cards 5 size 8 Array Of Cards #cards 12 size 40 Howl #buckets 4 coarsen threshold 1843 Howl Bitmap #cards 512 size 80 coarsen threshold 460 Card regions per heap region 1 cards per card region 2048
 CPUs: 8 total, 8 available
 Memory: 16198M
 Large Page Support: Disabled
 NUMA Support: Disabled
 Compressed Oops: Enabled (32-bit)
 Heap Region Size: 1M
 Heap Min Capacity: 64M
 Heap Initial Capacity: 64M
 Heap Max Capacity: 64M
 Pre-touch: Disabled
 Parallel Workers: 8
 Concurrent Workers: 2
 Concurrent Refinement Workers: 8
 Periodic GC: Disabled
Heap:
 garbage-first heap   total 65536K, used 16310K [0x00000000fc000000, 0x0000000100000000)
  region size 1024K, 7 young (7168K), 2 survivors (2048K)
 Metaspace       used 18842K, committed 19200K, reserved 1114112K
  class space    used 2247K, committed 2432K, reserved 1048576K
GC Heap History (6 events):
Event: 1.126 GC heap before
{Heap before GC invocations=0 (full 0):
 garbage-first heap   total 65536K, used 22528K [0x00000000fc000000, 0x0000000100000000)
  region size 1024K, 23 young (23552K), 0 survivors (0K)
 Metaspace       used 8460K, committed 8640K, reserved 1114112K
  class space    used 787K, committed 896K, reserved 1048576K
}
Event: 1.135 GC heap after
{Heap after GC invocations=1 (full 0):
 garbage-first heap   total 65536K, used 1536K [0x00000000fc000000, 0x0000000100000000)
  region size 1024K, 2 young (2048K), 2 survivors (2048K)
 Metaspace       used 8460K, committed 8640K, reserved 1114112K
  class space    used 787K, committed 896K, reserved 1048576K
}
Event: 3.141 GC heap before
{Heap before GC invocations=1 (full 0):
 garbage-first heap   total 65536K, used 37376K [0x00000000fc000000, 0x0000000100000000)
  region size 1024K, 35 young (35840K), 2 survivors (2048K)
 Metaspace       used 12228K, committed 12416K, reserved 1114112K
  class space    used 1313K, committed 1408K, reserved 1048576K
}
Event: 3.153 GC heap after
{Heap after GC invocations=2 (full 0):
 garbage-first heap   total 65536K, used 10498K [0x00000000fc000000, 0x0000000100000000)
  region size 1024K, 5 young (5120K), 5 survivors (5120K)
 Metaspace       used 12228K, committed 12416K, reserved 1114112K
  class space    used 1313K, committed 1408K, reserved 1048576K
}
Event: 118.676 GC heap before
{Heap before GC invocations=2 (full 0):
 garbage-first heap   total 65536K, used 44290K [0x00000000fc000000, 0x0000000100000000)
  region size 1024K, 38 young (38912K), 5 survivors (5120K)
 Metaspace       used 18394K, committed 18752K, reserved 1114112K
  class space    used 2191K, committed 2368K, reserved 1048576K
}
Event: 118.685 GC heap after
{Heap after GC invocations=3 (full 0):
 garbage-first heap   total 65536K, used 12214K [0x00000000fc000000, 0x0000000100000000)
  region size 1024K, 2 young (2048K), 2 survivors (2048K)
 Metaspace       used 18394K, committed 18752K, reserved 1114112K
  class space    used 2191K, committed 2368K, reserved 1048576K
}

